{"numFailedTestSuites":0,"numFailedTests":0,"numPassedTestSuites":2,"numPassedTests":7,"numPendingTestSuites":0,"numPendingTests":0,"numRuntimeErrorTestSuites":0,"numTodoTests":0,"numTotalTestSuites":2,"numTotalTests":7,"openHandles":[],"snapshot":{"added":0,"didUpdate":false,"failure":false,"filesAdded":0,"filesRemoved":0,"filesUnmatched":0,"filesUpdated":0,"matched":6,"total":6,"unchecked":0,"uncheckedKeysByFile":[],"unmatched":0,"updated":0},"startTime":1548797473823,"success":true,"testResults":[{"assertionResults":[{"ancestorTitles":["<NavBar />"],"failureMessages":[],"fullName":"<NavBar /> renders correctly","location":null,"status":"passed","title":"renders correctly"},{"ancestorTitles":["<NavBar />"],"failureMessages":[],"fullName":"<NavBar /> renders correctly with className","location":null,"status":"passed","title":"renders correctly with className"}],"endTime":1548797477413,"message":"","name":"/Users/harvey/Documents/emissary/emissary-ui/src/components/NavBar/__tests__/NavBar.test.js","startTime":1548797475675,"status":"passed","summary":""},{"assertionResults":[{"ancestorTitles":["Storyshots","NavBar"],"failureMessages":[],"fullName":"Storyshots NavBar default","location":null,"status":"passed","title":"default"},{"ancestorTitles":["Storyshots","Welcome"],"failureMessages":[],"fullName":"Storyshots Welcome to Storybook","location":null,"status":"passed","title":"to Storybook"},{"ancestorTitles":["Storyshots","Button"],"failureMessages":[],"fullName":"Storyshots Button with text","location":null,"status":"passed","title":"with text"},{"ancestorTitles":["Storyshots","Button"],"failureMessages":[],"fullName":"Storyshots Button with some emoji","location":null,"status":"passed","title":"with some emoji"},{"ancestorTitles":["Storyshots Integrity"],"failureMessages":[],"fullName":"Storyshots Integrity Abandoned Storyshots","location":null,"status":"passed","title":"Abandoned Storyshots"}],"endTime":1548797478423,"message":"","name":"/Users/harvey/Documents/emissary/emissary-ui/src/storyshots.test.js","startTime":1548797475681,"status":"passed","summary":""}],"wasInterrupted":false}