{"numFailedTestSuites":0,"numFailedTests":0,"numPassedTestSuites":2,"numPassedTests":7,"numPendingTestSuites":0,"numPendingTests":0,"numRuntimeErrorTestSuites":0,"numTodoTests":0,"numTotalTestSuites":2,"numTotalTests":7,"openHandles":[],"snapshot":{"added":4,"didUpdate":true,"failure":false,"filesAdded":1,"filesRemoved":0,"filesUnmatched":0,"filesUpdated":0,"matched":2,"total":6,"unchecked":0,"uncheckedKeysByFile":[],"unmatched":0,"updated":0},"startTime":1549317632127,"success":true,"testResults":[{"assertionResults":[{"ancestorTitles":["<NavBar />"],"failureMessages":[],"fullName":"<NavBar /> renders correctly","location":null,"status":"passed","title":"renders correctly"},{"ancestorTitles":["<NavBar />"],"failureMessages":[],"fullName":"<NavBar /> renders correctly with className","location":null,"status":"passed","title":"renders correctly with className"}],"endTime":1549317634181,"message":"","name":"/Users/harvey/Documents/emissary/alexandria/src/components/NavBar/__tests__/NavBar.test.js","startTime":1549317633126,"status":"passed","summary":""},{"assertionResults":[{"ancestorTitles":["Storyshots","NavBar"],"failureMessages":[],"fullName":"Storyshots NavBar default","location":null,"status":"passed","title":"default"},{"ancestorTitles":["Storyshots","NavBar"],"failureMessages":[],"fullName":"Storyshots NavBar MORE","location":null,"status":"passed","title":"MORE"},{"ancestorTitles":["Storyshots Integrity"],"failureMessages":[],"fullName":"Storyshots Integrity Abandoned Storyshots","location":null,"status":"passed","title":"Abandoned Storyshots"},{"ancestorTitles":["browser Storyshots","NavBar"],"failureMessages":[],"fullName":"browser Storyshots NavBar default","location":null,"status":"passed","title":"default"},{"ancestorTitles":["browser Storyshots","NavBar"],"failureMessages":[],"fullName":"browser Storyshots NavBar MORE","location":null,"status":"passed","title":"MORE"}],"endTime":1549317634944,"message":"","name":"/Users/harvey/Documents/emissary/alexandria/src/storyshots.test.js","startTime":1549317633120,"status":"passed","summary":""}],"wasInterrupted":false}